I, [2018-07-04T15:45:02.906402 #38292]  INFO -- : Registered expected interaction GET /
D, [2018-07-04T15:45:02.906621 #38292] DEBUG -- : {
  "description": "a request for events",
  "providerState": "I have a list of events",
  "request": {
    "method": "GET",
    "path": "/"
  },
  "response": {
    "status": 200,
    "headers": {
      "Content-Type": "application/json"
    },
    "body": [
      {
        "card": {
          "cardContent": "Now playing The Archers from 01/01/18"
        },
        "stream": "http://www.plz-dont-hack.io"
      }
    ]
  }
}
I, [2018-07-04T15:45:02.923081 #38292]  INFO -- : Received request GET /
D, [2018-07-04T15:45:02.923177 #38292] DEBUG -- : {
  "path": "/",
  "query": "",
  "method": "get",
  "headers": {
    "Host": "127.0.0.1:1235",
    "Connection": "close",
    "Version": "HTTP/1.1"
  }
}
I, [2018-07-04T15:45:02.923319 #38292]  INFO -- : Found matching response for GET /
D, [2018-07-04T15:45:02.923407 #38292] DEBUG -- : {
  "status": 200,
  "headers": {
    "Content-Type": "application/json"
  },
  "body": [
    {
      "card": {
        "cardContent": "Now playing The Archers from 01/01/18"
      },
      "stream": "http://www.plz-dont-hack.io"
    }
  ]
}
I, [2018-07-04T15:45:02.954023 #38292]  INFO -- : Verifying - interactions matched
I, [2018-07-04T15:45:02.959983 #38292]  INFO -- : Cleared interactions
I, [2018-07-04T15:45:02.973803 #38292]  INFO -- : Writing pact for microservicesEventStore to /Users/coustb01/workspace/microservicesTraining/pacts/circuitbreakerservice-microserviceseventstore.json
